/home/mahi/gps_frontier_explorer/exploring_exploration/install/gps_frontier_explorer/lib/python3.10/site-packages/gps_frontier_explorer/__init__.py
/home/mahi/gps_frontier_explorer/exploring_exploration/install/gps_frontier_explorer/lib/python3.10/site-packages/gps_frontier_explorer/frontier_detection.py
/home/mahi/gps_frontier_explorer/exploring_exploration/install/gps_frontier_explorer/lib/python3.10/site-packages/gps_frontier_explorer/gps_frontier_node.py
/home/mahi/gps_frontier_explorer/exploring_exploration/install/gps_frontier_explorer/lib/python3.10/site-packages/gps_frontier_explorer/nav2_client.py
/home/mahi/gps_frontier_explorer/exploring_exploration/install/gps_frontier_explorer/lib/python3.10/site-packages/gps_frontier_explorer/frontier_selection.py
/home/mahi/gps_frontier_explorer/exploring_exploration/install/gps_frontier_explorer/lib/python3.10/site-packages/gps_frontier_explorer/__pycache__/__init__.cpython-310.pyc
/home/mahi/gps_frontier_explorer/exploring_exploration/install/gps_frontier_explorer/lib/python3.10/site-packages/gps_frontier_explorer/__pycache__/frontier_detection.cpython-310.pyc
/home/mahi/gps_frontier_explorer/exploring_exploration/install/gps_frontier_explorer/lib/python3.10/site-packages/gps_frontier_explorer/__pycache__/gps_frontier_node.cpython-310.pyc
/home/mahi/gps_frontier_explorer/exploring_exploration/install/gps_frontier_explorer/lib/python3.10/site-packages/gps_frontier_explorer/__pycache__/nav2_client.cpython-310.pyc
/home/mahi/gps_frontier_explorer/exploring_exploration/install/gps_frontier_explorer/lib/python3.10/site-packages/gps_frontier_explorer/__pycache__/frontier_selection.cpython-310.pyc
/home/mahi/gps_frontier_explorer/exploring_exploration/install/gps_frontier_explorer/share/ament_index/resource_index/packages/gps_frontier_explorer
/home/mahi/gps_frontier_explorer/exploring_exploration/install/gps_frontier_explorer/share/gps_frontier_explorer/package.xml
/home/mahi/gps_frontier_explorer/exploring_exploration/install/gps_frontier_explorer/share/gps_frontier_explorer/launch/gps_frontier_explorer.launch.py
/home/mahi/gps_frontier_explorer/exploring_exploration/install/gps_frontier_explorer/lib/python3.10/site-packages/gps_frontier_explorer-0.0.0-py3.10.egg-info/SOURCES.txt
/home/mahi/gps_frontier_explorer/exploring_exploration/install/gps_frontier_explorer/lib/python3.10/site-packages/gps_frontier_explorer-0.0.0-py3.10.egg-info/top_level.txt
/home/mahi/gps_frontier_explorer/exploring_exploration/install/gps_frontier_explorer/lib/python3.10/site-packages/gps_frontier_explorer-0.0.0-py3.10.egg-info/requires.txt
/home/mahi/gps_frontier_explorer/exploring_exploration/install/gps_frontier_explorer/lib/python3.10/site-packages/gps_frontier_explorer-0.0.0-py3.10.egg-info/dependency_links.txt
/home/mahi/gps_frontier_explorer/exploring_exploration/install/gps_frontier_explorer/lib/python3.10/site-packages/gps_frontier_explorer-0.0.0-py3.10.egg-info/entry_points.txt
/home/mahi/gps_frontier_explorer/exploring_exploration/install/gps_frontier_explorer/lib/python3.10/site-packages/gps_frontier_explorer-0.0.0-py3.10.egg-info/PKG-INFO
/home/mahi/gps_frontier_explorer/exploring_exploration/install/gps_frontier_explorer/lib/python3.10/site-packages/gps_frontier_explorer-0.0.0-py3.10.egg-info/zip-safe
/home/mahi/gps_frontier_explorer/exploring_exploration/install/gps_frontier_explorer/lib/gps_frontier_explorer/gps_frontier_node
