running egg_info
creating ../../build/gps_frontier_explorer/gps_frontier_explorer.egg-info
writing ../../build/gps_frontier_explorer/gps_frontier_explorer.egg-info/PKG-INFO
writing dependency_links to ../../build/gps_frontier_explorer/gps_frontier_explorer.egg-info/dependency_links.txt
writing entry points to ../../build/gps_frontier_explorer/gps_frontier_explorer.egg-info/entry_points.txt
writing requirements to ../../build/gps_frontier_explorer/gps_frontier_explorer.egg-info/requires.txt
writing top-level names to ../../build/gps_frontier_explorer/gps_frontier_explorer.egg-info/top_level.txt
writing manifest file '../../build/gps_frontier_explorer/gps_frontier_explorer.egg-info/SOURCES.txt'
reading manifest file '../../build/gps_frontier_explorer/gps_frontier_explorer.egg-info/SOURCES.txt'
writing manifest file '../../build/gps_frontier_explorer/gps_frontier_explorer.egg-info/SOURCES.txt'
running build
running build_py
creating /home/mahi/gps_frontier_explorer/exploring_exploration/build/gps_frontier_explorer/build
creating /home/mahi/gps_frontier_explorer/exploring_exploration/build/gps_frontier_explorer/build/lib
creating /home/mahi/gps_frontier_explorer/exploring_exploration/build/gps_frontier_explorer/build/lib/gps_frontier_explorer
copying gps_frontier_explorer/__init__.py -> /home/mahi/gps_frontier_explorer/exploring_exploration/build/gps_frontier_explorer/build/lib/gps_frontier_explorer
copying gps_frontier_explorer/frontier_detection.py -> /home/mahi/gps_frontier_explorer/exploring_exploration/build/gps_frontier_explorer/build/lib/gps_frontier_explorer
copying gps_frontier_explorer/gps_frontier_node.py -> /home/mahi/gps_frontier_explorer/exploring_exploration/build/gps_frontier_explorer/build/lib/gps_frontier_explorer
copying gps_frontier_explorer/nav2_client.py -> /home/mahi/gps_frontier_explorer/exploring_exploration/build/gps_frontier_explorer/build/lib/gps_frontier_explorer
copying gps_frontier_explorer/frontier_selection.py -> /home/mahi/gps_frontier_explorer/exploring_exploration/build/gps_frontier_explorer/build/lib/gps_frontier_explorer
running install
running install_lib
creating /home/mahi/gps_frontier_explorer/exploring_exploration/install/gps_frontier_explorer/lib/python3.10/site-packages/gps_frontier_explorer
copying /home/mahi/gps_frontier_explorer/exploring_exploration/build/gps_frontier_explorer/build/lib/gps_frontier_explorer/__init__.py -> /home/mahi/gps_frontier_explorer/exploring_exploration/install/gps_frontier_explorer/lib/python3.10/site-packages/gps_frontier_explorer
copying /home/mahi/gps_frontier_explorer/exploring_exploration/build/gps_frontier_explorer/build/lib/gps_frontier_explorer/frontier_detection.py -> /home/mahi/gps_frontier_explorer/exploring_exploration/install/gps_frontier_explorer/lib/python3.10/site-packages/gps_frontier_explorer
copying /home/mahi/gps_frontier_explorer/exploring_exploration/build/gps_frontier_explorer/build/lib/gps_frontier_explorer/gps_frontier_node.py -> /home/mahi/gps_frontier_explorer/exploring_exploration/install/gps_frontier_explorer/lib/python3.10/site-packages/gps_frontier_explorer
copying /home/mahi/gps_frontier_explorer/exploring_exploration/build/gps_frontier_explorer/build/lib/gps_frontier_explorer/nav2_client.py -> /home/mahi/gps_frontier_explorer/exploring_exploration/install/gps_frontier_explorer/lib/python3.10/site-packages/gps_frontier_explorer
copying /home/mahi/gps_frontier_explorer/exploring_exploration/build/gps_frontier_explorer/build/lib/gps_frontier_explorer/frontier_selection.py -> /home/mahi/gps_frontier_explorer/exploring_exploration/install/gps_frontier_explorer/lib/python3.10/site-packages/gps_frontier_explorer
byte-compiling /home/mahi/gps_frontier_explorer/exploring_exploration/install/gps_frontier_explorer/lib/python3.10/site-packages/gps_frontier_explorer/__init__.py to __init__.cpython-310.pyc
byte-compiling /home/mahi/gps_frontier_explorer/exploring_exploration/install/gps_frontier_explorer/lib/python3.10/site-packages/gps_frontier_explorer/frontier_detection.py to frontier_detection.cpython-310.pyc
byte-compiling /home/mahi/gps_frontier_explorer/exploring_exploration/install/gps_frontier_explorer/lib/python3.10/site-packages/gps_frontier_explorer/gps_frontier_node.py to gps_frontier_node.cpython-310.pyc
byte-compiling /home/mahi/gps_frontier_explorer/exploring_exploration/install/gps_frontier_explorer/lib/python3.10/site-packages/gps_frontier_explorer/nav2_client.py to nav2_client.cpython-310.pyc
byte-compiling /home/mahi/gps_frontier_explorer/exploring_exploration/install/gps_frontier_explorer/lib/python3.10/site-packages/gps_frontier_explorer/frontier_selection.py to frontier_selection.cpython-310.pyc
running install_data
creating /home/mahi/gps_frontier_explorer/exploring_exploration/install/gps_frontier_explorer/share/ament_index
creating /home/mahi/gps_frontier_explorer/exploring_exploration/install/gps_frontier_explorer/share/ament_index/resource_index
creating /home/mahi/gps_frontier_explorer/exploring_exploration/install/gps_frontier_explorer/share/ament_index/resource_index/packages
copying resource/gps_frontier_explorer -> /home/mahi/gps_frontier_explorer/exploring_exploration/install/gps_frontier_explorer/share/ament_index/resource_index/packages
copying package.xml -> /home/mahi/gps_frontier_explorer/exploring_exploration/install/gps_frontier_explorer/share/gps_frontier_explorer
creating /home/mahi/gps_frontier_explorer/exploring_exploration/install/gps_frontier_explorer/share/gps_frontier_explorer/launch
copying launch/gps_frontier_explorer.launch.py -> /home/mahi/gps_frontier_explorer/exploring_exploration/install/gps_frontier_explorer/share/gps_frontier_explorer/launch
running install_egg_info
Copying ../../build/gps_frontier_explorer/gps_frontier_explorer.egg-info to /home/mahi/gps_frontier_explorer/exploring_exploration/install/gps_frontier_explorer/lib/python3.10/site-packages/gps_frontier_explorer-0.0.0-py3.10.egg-info
running install_scripts
Installing gps_frontier_node script to /home/mahi/gps_frontier_explorer/exploring_exploration/install/gps_frontier_explorer/lib/gps_frontier_explorer
writing list of installed files to '/home/mahi/gps_frontier_explorer/exploring_exploration/build/gps_frontier_explorer/install.log'
